<?xml version="1.0" encoding="UTF-8"?>
<!-- Generated by org.testng.reporters.JUnitReportReporter -->
<testsuite hostname="SasaMilanovic" name="hwfrontend01.HWFrontEnd01" tests="2" failures="0" timestamp="4 Dec 2016 21:46:25 GMT" time="35.230" errors="0">
  <testcase name="hostelWorldTestNameSort" time="16.997" classname="hwfrontend01.HWFrontEnd01"/>
  <testcase name="hostelWorldTestPriceSort" time="18.233" classname="hwfrontend01.HWFrontEnd01"/>
</testsuite> <!-- hwfrontend01.HWFrontEnd01 -->
