<?xml version="1.0" encoding="UTF-8"?>
<!-- Generated by org.testng.reporters.JUnitReportReporter -->
<testsuite hostname="SasaMilanovic" name="hwfrontend01.HWFrontEnd01" tests="2" failures="0" timestamp="4 Dec 2016 19:17:37 GMT" time="39.017" errors="0">
  <testcase name="hostelWorldTestNameSort" time="19.714" classname="hwfrontend01.HWFrontEnd01"/>
  <testcase name="hostelWorldTestPriceSort" time="19.303" classname="hwfrontend01.HWFrontEnd01"/>
</testsuite> <!-- hwfrontend01.HWFrontEnd01 -->
